C51 COMPILER V8.08   DUALPWMV1                                                             03/18/2009 19:57:46 PAGE 1   


C51 COMPILER V8.08, COMPILATION OF MODULE DUALPWMV1
OBJECT MODULE PLACED IN Dualpwmv1.OBJ
COMPILER INVOKED BY: C:\SiLabs\MCU\IDEfiles\C51\BIN\C51.exe Dualpwmv1.c DB OE

line level    source

   1          //-----------------------------------------------------------------------------
   2          // F02x_PCA0_Software_Timer_Blinky.c
   3          //-----------------------------------------------------------------------------
   4          // Copyright 2006 Silicon Laboratories, Inc.
   5          // http://www.silabs.com
   6          //
   7          // Program Description:
   8          //
   9          // This program uses the PCA's Software Timer Mode to periodically schedule
  10          // an interrupt.  Inside the ISR, a port pin is toggled to blink an LED on the
  11          // target board.
  12          //
  13          // In this example, PCA Module 0 is used to generate the interrupt, and the
  14          // port pin driving the LED is configured for push-pull mode.
  15          //
  16          // Pinout:
  17          //
  18          //   P1.6 - LED (push-pull)
  19          //
  20          //   all other port pins unused
  21          //
  22          //
  23          // How To Test:
  24          //
  25          // 1) Download code to a 'F02x target board with the LED jumper ON.
  26          // 2) Run the program - the LED should blink at 5 Hz.
  27          //
  28          // FID:            02X000019
  29          // Target:         C8051F02x
  30          // Tool chain:     Keil C51 8.0 / Keil EVAL C51
  31          // Command Line:   None
  32          //
  33          //
  34          // Release 1.0
  35          //    -Initial Revision (BD / TP)
  36          //    -3 AUG 2006
  37          //
  38          
  39          //-----------------------------------------------------------------------------
  40          // Includes
  41          //-----------------------------------------------------------------------------
  42          
  43          #include <C8051F020.h>                 // SFR declarations
  44          
  45          //-----------------------------------------------------------------------------
  46          // Global Constants
  47          //-----------------------------------------------------------------------------
  48          
  49          #define SYSCLK       22118400          // External oscillator frequency in Hz
  50          
  51          #define LED_FREQUENCY 22000                // Frequency to blink LED at in Hz
  52          #define T0_CLOCKS 221                  // Use 221 clocks per T0 Overflow
  53          
  54          // SYSCLK cycles per interrupt
  55          #define PCA_TIMEOUT ((SYSCLK/T0_CLOCKS)/LED_FREQUENCY/2)
C51 COMPILER V8.08   DUALPWMV1                                                             03/18/2009 19:57:46 PAGE 2   

  56          
  57          sbit LEFT = P1^5;                       // LED='1' means ON
  58          sbit RIGHT = P1^6;                       // LED='1' means ON
  59          sbit SWLEFT = P3^7;                   // SW1 ='0' means switch pressed
  60          sbit SWRIGHT = P3^6;                   // SW1 ='0' means switch pressed
  61          
  62          //-----------------------------------------------------------------------------
  63          // Function Prototypes
  64          //-----------------------------------------------------------------------------
  65          
  66          void Oscillator_Init (void);
  67          void Port_Init (void);
  68          void PCA0_Init (void);
  69          
  70          //-----------------------------------------------------------------------------
  71          // Global Variables
  72          //-----------------------------------------------------------------------------
  73          
  74          unsigned int NEXT_COMPARE_VALUE;       // Next edge to be sent out in HSO mode
  75           int PWMONE =0; 
  76           int PWMTWO =0;      
  77          
  78          //-----------------------------------------------------------------------------
  79          // main() Routine
  80          //-----------------------------------------------------------------------------
  81          
  82          void main (void) {
  83   1      
  84   1              
  85   1         // Disable watchdog timer
  86   1         WDTCN = 0xde;
  87   1         WDTCN = 0xad;
  88   1      
  89   1         Port_Init ();                       // Initialize crossbar and GPIO
  90   1         Oscillator_Init ();                 // Initialize oscillator
  91   1         PCA0_Init ();                        // Initialize PCA0
  92   1      
  93   1         EA = 1;                             // Globally enable interrupts
  94   1      
  95   1              
  96   1         while (1);                          // Spin here to wait for ISR
  97   1         {
  98   2            
  99   2         }                                   // end of while(1)       
 100   1      }
 101          
 102          
 103          //-----------------------------------------------------------------------------
 104          // Initialization Subroutines
 105          //-----------------------------------------------------------------------------
 106          
 107          //-----------------------------------------------------------------------------
 108          // Oscillator_Init
 109          //-----------------------------------------------------------------------------
 110          //
 111          // Return Value : None
 112          // Parameters   : None
 113          //
 114          // This function initializes the system clock to use the external oscillator
 115          // at 22.1184 MHz.
 116          //
 117          //-----------------------------------------------------------------------------
C51 COMPILER V8.08   DUALPWMV1                                                             03/18/2009 19:57:46 PAGE 3   

 118          void Oscillator_Init (void)
 119          {
 120   1         unsigned int i;                     // Delay counter
 121   1      
 122   1         OSCXCN = 0x67;                      // Start external oscillator with
 123   1                                             // 22.1184 MHz crystal
 124   1      
 125   1         for (i = 0; i < 256; i++) ;         // Wait for oscillator to start
 126   1      
 127   1         while (!(OSCXCN & 0x80)) ;          // Wait for crystal osc. to settle
 128   1      
 129   1         OSCICN = 0x88;                      // Select external oscillator as SYSCLK
 130   1                                             // source and enable missing clock
 131   1                                             // detector
 132   1      }
 133          
 134          //-----------------------------------------------------------------------------
 135          // Port_Init
 136          //-----------------------------------------------------------------------------
 137          //
 138          // Return Value : None
 139          // Parameters   : None
 140          //
 141          // This function configures the crossbar and GPIO ports.
 142          //
 143          // No crossbar peripherals are used for this example.
 144          //
 145          // P1.6 is set to Push-Pull mode.
 146          //
 147          //-----------------------------------------------------------------------------
 148          void Port_Init (void)
 149          {
 150   1         XBR0 = 0x00;
 151   1         XBR1 = 0x00;
 152   1         XBR2 = 0x40;                        // No peripherals routed to pins
 153   1                                             // Enable crossbar and weak pull-ups
 154   1      
 155   1         P1MDOUT |= 0x40;                    // Set LED (P1.6) to push-pull
 156   1         P1MDOUT |= 0x20;                    // Set LED (P1.5) to push-pull
 157   1         P3MDOUT = 0x00;                     // P3.7 is open-drain
 158   1      
 159   1         P3     |= 0xC0;                     // Set P3.7 latch to '1'
 160   1      }
 161          
 162          //-----------------------------------------------------------------------------
 163          // PCA0_Init
 164          //-----------------------------------------------------------------------------
 165          //
 166          // Return Value : None
 167          // Parameters   : None
 168          //
 169          // This function configures the PCA time base to use T0 Overflows as a clock
 170          // source.  Timer0 is also configured by this routine for 8-bit auto-reload
 171          // mode, where T0_CLOCKS is the number of System clocks per T0 Overflow.
 172          // The code then sets up Software Timer mode for Module 0 (CEX0 pin).
 173          //
 174          // On every interrupt from Module 0, software toggles the port I/O pin for the
 175          // LED. The frequency of the LED toggling is determined by the parameter
 176          // CEX0_FREQUENCY.
 177          //
 178          // The maximum frequency output for this example is about 50 kHz.
 179          // The minimum frequency output for this example is about 1 Hz
C51 COMPILER V8.08   DUALPWMV1                                                             03/18/2009 19:57:46 PAGE 4   

 180          //
 181          // The PCA time base in this example is configured to use T0 overflows, and
 182          // SYSCLK is set up for the external oscillator running at 22.1184 MHz.
 183          //
 184          // Using different PCA clock sources, different T0 reload values, or a
 185          // different processor clock will result in a different frequency for the LED
 186          // square wave, and different maximum and minimum options.
 187          //
 188          //    -------------------------------------------------------------------------
 189          //    How "Software Timer Mode" Works:
 190          //
 191          //       The PCA's Software Timer Mode works by generating an interrupt for the
 192          //    associated module every time the PCA0 register increments and the new
 193          //    16-bit PCA0 counter value matches the module's capture/compare
 194          //    register (PCA0CPn).
 195          //
 196          //    By loading the PCA0CPn register with the next match value every time a
 197          //    match happens, arbitrarily timed interrupts can be generated.
 198          //    -------------------------------------------------------------------------
 199          //
 200          // When setting the capture/compare register for the next match value, the low
 201          // byte of the PCA0CPn register (PCA0CPLn) should be written first, followed
 202          // by the high byte (PCA0CPHn).  Writing the low byte clears the ECOMn bit,
 203          // and writing the high byte will restore it.  This ensures that a match does
 204          // not occur until the full 16-bit value has been written to the compare
 205          // register.  Writing the high byte first will result in the ECOMn bit being
 206          // set to '0' after the 16-bit write, and the next match will not occur at
 207          // the correct time.
 208          //
 209          // It is best to update the capture/compare register as soon after a match
 210          // occurs as possible so that the PCA counter will not have incremented past
 211          // the next desired edge value. This code implements the compare register
 212          // update in the PCA ISR upon a match interrupt.
 213          //
 214          //-----------------------------------------------------------------------------
 215          void PCA0_Init (void)
 216          {
 217   1         unsigned short PCA_value = 0;
 218   1      
 219   1         // Configure Timer 0 for 8-bit auto-reload mode, using SYSCLK as time base
 220   1         TMOD &= 0xF0;                       // Clear all T0 control bits
 221   1         TMOD |= 0x02;                       // 8-bit auto-reload timer
 222   1         CKCON |= 0x08;                      // T0 uses SYSCLK
 223   1         TH0 = -T0_CLOCKS;                   // Set up reload value
 224   1         TL0 = -T0_CLOCKS;                   // Set up initial value
 225   1      
 226   1         // Configure PCA time base; overflow interrupt disabled
 227   1         PCA0CN = 0x00;                      // Stop counter; clear all flags
 228   1         PCA0MD = 0x04;                      // Use Timer 0 as time base
 229   1      
 230   1         PCA0CPM0 = 0x49;                    // Module 0 = Software Timer Mode,
 231   1                                             // Enable Module 0 Interrupt flag,
 232   1                                             // Enable ECOM bit
 233   1      
 234   1         PCA0L = 0x00;                       // Reset PCA Counter Value to 0x0000
 235   1         PCA0H = 0x00;
 236   1      
 237   1         PCA0CPL0 = PCA_TIMEOUT & 0x00FF;    // Set up first match
 238   1         PCA0CPH0 = (PCA_TIMEOUT & 0xFF00) >> 8;
 239   1      
 240   1         // Set up the variable for the following match
 241   1         PCA_value = PCA0CPL0;
C51 COMPILER V8.08   DUALPWMV1                                                             03/18/2009 19:57:46 PAGE 5   

 242   1         PCA_value |= PCA0CPH0 << 8;
 243   1      
 244   1         NEXT_COMPARE_VALUE = PCA_value + PCA_TIMEOUT;
 245   1      
 246   1         EIE1 |= 0x08;                       // Enable PCA interrupts
 247   1      
 248   1         CR = 1;                             // Start PCA
 249   1      
 250   1         TR0 = 1;                            // Start Timer 0
 251   1      }
 252          
 253          //-----------------------------------------------------------------------------
 254          // Interrupt Service Routines
 255          //-----------------------------------------------------------------------------
 256          
 257          //-----------------------------------------------------------------------------
 258          // PCA0_ISR
 259          //-----------------------------------------------------------------------------
 260          //
 261          // Return Value : None
 262          // Parameters   : None
 263          //
 264          // This is the ISR for the PCA.  It handles the case when a match occurs on
 265          // channel 0, and updates the PCA0CPn compare register with the value held in
 266          // the global variable "NEXT_COMPARE_VALUE".
 267          //
 268          //-----------------------------------------------------------------------------
 269          void PCA0_ISR (void) interrupt 9
 270          {
 271   1         unsigned short PCA_value = 0;
 272   1         
 273   1      
 274   1         if (CCF0)                           // If Module 0 caused the interrupt
 275   1         {
 276   2            CCF0 = 0;                        // Clear module 0 interrupt flag.
 277   2      
 278   2            PCA0CPL0 = (NEXT_COMPARE_VALUE & 0x00FF);
 279   2            PCA0CPH0 = (NEXT_COMPARE_VALUE & 0xFF00)>>8;
 280   2      
 281   2            if (SW1 == 0)                    // If switch depressed
*** ERROR C202 IN LINE 281 OF DUALPWMV1.C: 'SW1': undefined identifier
 282   2            { 
 283   3             
 284   3                RIGHT = ~RIGHT;                      // Invert the pin status
 285   3                LEFT = ~LEFT;                      // Invert the pin status
 286   3            }
 287   2                else   
 288   2            {  
 289   3                      LEFT = 0;                     // Else, turn it off
 290   3                      RIGHT  = 0;
 291   3                }
 292   2                
 293   2                        
 294   2            // Set up the variable for the following edge
 295   2            PCA_value = PCA0CPL0;
 296   2            PCA_value |= PCA0CPH0 << 8;
 297   2      
 298   2            NEXT_COMPARE_VALUE = PCA_value + PCA_TIMEOUT;
 299   2         }
 300   1         else                                // Interrupt was caused by other bits.
 301   1         {
 302   2            PCA0CN &= ~0x86;                 // Clear other interrupt flags for PCA
C51 COMPILER V8.08   DUALPWMV1                                                             03/18/2009 19:57:46 PAGE 6   

 303   2         }
 304   1      }
 305          
 306          
 307          //-----------------------------------------------------------------------------
 308          // End Of File
 309          //-----------------------------------------------------------------------------

C51 COMPILATION COMPLETE.  0 WARNING(S),  1 ERROR(S)
